  [1m[35m (0.1ms)[0m  [1m[34mSELECT sqlite_version(*)[0m
  ↳ /home/ajconsta/.gem/ruby/2.5.1/bin/rake:23
  [1m[35m (27.8ms)[0m  [1m[35mCREATE TABLE "schema_migrations" ("version" varchar NOT NULL PRIMARY KEY)[0m
  ↳ /home/ajconsta/.gem/ruby/2.5.1/bin/rake:23
  [1m[35m (26.8ms)[0m  [1m[35mCREATE TABLE "ar_internal_metadata" ("key" varchar NOT NULL PRIMARY KEY, "value" varchar, "created_at" datetime NOT NULL, "updated_at" datetime NOT NULL)[0m
  ↳ /home/ajconsta/.gem/ruby/2.5.1/bin/rake:23
  [1m[35m (0.1ms)[0m  [1m[34mSELECT "schema_migrations"."version" FROM "schema_migrations" ORDER BY "schema_migrations"."version" ASC[0m
  ↳ /home/ajconsta/.gem/ruby/2.5.1/bin/rake:23
Migrating to CreateSearches (20180709181845)
  [1m[35m (0.0ms)[0m  [1m[36mbegin transaction[0m
  ↳ /home/ajconsta/.gem/ruby/2.5.1/bin/rake:23
  [1m[35m (0.2ms)[0m  [1m[35mCREATE TABLE "searches" ("id" integer PRIMARY KEY AUTOINCREMENT NOT NULL, "query_params" blob, "user_id" integer, "user_type" varchar, "created_at" datetime NOT NULL, "updated_at" datetime NOT NULL)[0m
  ↳ db/migrate/20180709181845_create_searches.blacklight.rb:5
  [1m[35m (0.1ms)[0m  [1m[35mCREATE  INDEX "index_searches_on_user_id" ON "searches" ("user_id")[0m
  ↳ db/migrate/20180709181845_create_searches.blacklight.rb:5
  [1m[36mActiveRecord::SchemaMigration Create (0.1ms)[0m  [1m[32mINSERT INTO "schema_migrations" ("version") VALUES (?)[0m  [["version", "20180709181845"]]
  ↳ /home/ajconsta/.gem/ruby/2.5.1/bin/rake:23
  [1m[35m (28.6ms)[0m  [1m[36mcommit transaction[0m
  ↳ /home/ajconsta/.gem/ruby/2.5.1/bin/rake:23
Migrating to CreateBookmarks (20180709181846)
  [1m[35m (0.1ms)[0m  [1m[36mbegin transaction[0m
  ↳ /home/ajconsta/.gem/ruby/2.5.1/bin/rake:23
  [1m[35m (0.5ms)[0m  [1m[35mCREATE TABLE "bookmarks" ("id" integer PRIMARY KEY AUTOINCREMENT NOT NULL, "user_id" integer NOT NULL, "user_type" varchar, "document_id" varchar, "document_type" varchar, "title" blob, "created_at" datetime NOT NULL, "updated_at" datetime NOT NULL)[0m
  ↳ db/migrate/20180709181846_create_bookmarks.blacklight.rb:5
  [1m[35m (0.2ms)[0m  [1m[35mCREATE  INDEX "index_bookmarks_on_user_id" ON "bookmarks" ("user_id")[0m
  ↳ db/migrate/20180709181846_create_bookmarks.blacklight.rb:5
  [1m[35m (0.2ms)[0m  [1m[35mCREATE  INDEX "index_bookmarks_on_document_id" ON "bookmarks" ("document_id")[0m
  ↳ db/migrate/20180709181846_create_bookmarks.blacklight.rb:5
  [1m[36mActiveRecord::SchemaMigration Create (0.2ms)[0m  [1m[32mINSERT INTO "schema_migrations" ("version") VALUES (?)[0m  [["version", "20180709181846"]]
  ↳ /home/ajconsta/.gem/ruby/2.5.1/bin/rake:23
  [1m[35m (38.1ms)[0m  [1m[36mcommit transaction[0m
  ↳ /home/ajconsta/.gem/ruby/2.5.1/bin/rake:23
Migrating to AddPolymorphicTypeToBookmarks (20180709181847)
  [1m[35m (0.1ms)[0m  [1m[36mbegin transaction[0m
  ↳ /home/ajconsta/.gem/ruby/2.5.1/bin/rake:23
  [1m[36mActiveRecord::SchemaMigration Create (0.2ms)[0m  [1m[32mINSERT INTO "schema_migrations" ("version") VALUES (?)[0m  [["version", "20180709181847"]]
  ↳ /home/ajconsta/.gem/ruby/2.5.1/bin/rake:23
  [1m[35m (29.9ms)[0m  [1m[36mcommit transaction[0m
  ↳ /home/ajconsta/.gem/ruby/2.5.1/bin/rake:23
Migrating to DeviseCreateUsers (20180709181849)
  [1m[35m (0.1ms)[0m  [1m[36mbegin transaction[0m
  ↳ /home/ajconsta/.gem/ruby/2.5.1/bin/rake:23
  [1m[35m (0.4ms)[0m  [1m[35mCREATE TABLE "users" ("id" integer PRIMARY KEY AUTOINCREMENT NOT NULL, "email" varchar DEFAULT '' NOT NULL, "encrypted_password" varchar DEFAULT '' NOT NULL, "reset_password_token" varchar, "reset_password_sent_at" datetime, "remember_created_at" datetime, "sign_in_count" integer DEFAULT 0 NOT NULL, "current_sign_in_at" datetime, "last_sign_in_at" datetime, "current_sign_in_ip" varchar, "last_sign_in_ip" varchar, "created_at" datetime NOT NULL, "updated_at" datetime NOT NULL)[0m
  ↳ db/migrate/20180709181849_devise_create_users.rb:5
  [1m[35m (0.2ms)[0m  [1m[35mCREATE UNIQUE INDEX "index_users_on_email" ON "users" ("email")[0m
  ↳ db/migrate/20180709181849_devise_create_users.rb:39
  [1m[35m (0.2ms)[0m  [1m[35mCREATE UNIQUE INDEX "index_users_on_reset_password_token" ON "users" ("reset_password_token")[0m
  ↳ db/migrate/20180709181849_devise_create_users.rb:40
  [1m[36mActiveRecord::SchemaMigration Create (0.2ms)[0m  [1m[32mINSERT INTO "schema_migrations" ("version") VALUES (?)[0m  [["version", "20180709181849"]]
  ↳ /home/ajconsta/.gem/ruby/2.5.1/bin/rake:23
  [1m[35m (32.6ms)[0m  [1m[36mcommit transaction[0m
  ↳ /home/ajconsta/.gem/ruby/2.5.1/bin/rake:23
Migrating to AddDeviseGuestsToUsers (20180709181851)
  [1m[35m (0.1ms)[0m  [1m[36mbegin transaction[0m
  ↳ /home/ajconsta/.gem/ruby/2.5.1/bin/rake:23
  [1m[35m (0.5ms)[0m  [1m[35mALTER TABLE "users" ADD "guest" boolean DEFAULT 0[0m
  ↳ db/migrate/20180709181851_add_devise_guests_to_users.rb:5
  [1m[36mActiveRecord::SchemaMigration Create (0.2ms)[0m  [1m[32mINSERT INTO "schema_migrations" ("version") VALUES (?)[0m  [["version", "20180709181851"]]
  ↳ /home/ajconsta/.gem/ruby/2.5.1/bin/rake:23
  [1m[35m (22.5ms)[0m  [1m[36mcommit transaction[0m
  ↳ /home/ajconsta/.gem/ruby/2.5.1/bin/rake:23
  [1m[36mActiveRecord::InternalMetadata Load (0.2ms)[0m  [1m[34mSELECT  "ar_internal_metadata".* FROM "ar_internal_metadata" WHERE "ar_internal_metadata"."key" = ? LIMIT ?[0m  [["key", "environment"], ["LIMIT", 1]]
  ↳ /home/ajconsta/.gem/ruby/2.5.1/bin/rake:23
  [1m[35m (0.1ms)[0m  [1m[36mbegin transaction[0m
  ↳ /home/ajconsta/.gem/ruby/2.5.1/bin/rake:23
  [1m[36mActiveRecord::InternalMetadata Create (0.3ms)[0m  [1m[32mINSERT INTO "ar_internal_metadata" ("key", "value", "created_at", "updated_at") VALUES (?, ?, ?, ?)[0m  [["key", "environment"], ["value", "development"], ["created_at", "2018-07-09 18:19:20.994002"], ["updated_at", "2018-07-09 18:19:20.994002"]]
  ↳ /home/ajconsta/.gem/ruby/2.5.1/bin/rake:23
  [1m[35m (21.1ms)[0m  [1m[36mcommit transaction[0m
  ↳ /home/ajconsta/.gem/ruby/2.5.1/bin/rake:23
  [1m[35m (0.1ms)[0m  [1m[34mSELECT "schema_migrations"."version" FROM "schema_migrations" ORDER BY "schema_migrations"."version" ASC[0m
  ↳ /home/ajconsta/.gem/ruby/2.5.1/bin/rake:23
Started GET "/" for 127.0.0.1 at 2018-07-09 14:19:31 -0400
  [1m[35m (0.1ms)[0m  [1m[34mSELECT "schema_migrations"."version" FROM "schema_migrations" ORDER BY "schema_migrations"."version" ASC[0m
  ↳ /home/ajconsta/.gem/ruby/2.5.1/gems/activerecord-5.2.0/lib/active_record/log_subscriber.rb:98
Processing by CatalogController#index as HTML
Solr query: get select {"qt"=>nil, "facet.field"=>["access_type_f", "available_f", "location_hierarchy_f", "resource_type_f", "physical_media_f", "subject_topical_f", "lcc_callnum_classification_f", "language_f", "author_facet_f", "subject_genre_f", "subject_geographic_f", "subject_chronological_f", "genre_headings_f", "subject_headings_f"], "facet.query"=>["publication_year_isort_stored_single:[2000 TO *]", "publication_year_isort_stored_single:[1900 TO 1999]", "publication_year_isort_stored_single:[1800 TO 1899]", "publication_year_isort_stored_single:[* TO 1799]", "date_cataloged_dt:[NOW-7DAY/DAY TO NOW]", "date_cataloged_dt:[NOW-1MONTH/DAY TO NOW]", "date_cataloged_dt:[NOW-3MONTH/DAY TO NOW]"], "facet.pivot"=>[], "fq"=>["{!collapse field=rollup_id nullPolicy=expand max=termfreq(institution_f,\"unc\")}"], "hl.fl"=>[], "rows"=>20, "facet"=>true, "f.available_f.facet.limit"=>11, "f.resource_type_f.facet.limit"=>11, "f.physical_media_f.facet.limit"=>11, "f.subject_topical_f.facet.limit"=>11, "f.language_f.facet.limit"=>11, "f.publication_year_isort_stored_single.facet.limit"=>11, "f.author_facet_f.facet.limit"=>11, "f.subject_genre_f.facet.limit"=>11, "f.subject_geographic_f.facet.limit"=>11, "f.subject_chronological_f.facet.limit"=>11, "f.date_cataloged_dt.facet.limit"=>11, "sort"=>"score desc, publication_year_isort_stored_single desc, title_sort_ssort_single asc", "q"=>[]}
Solr fetch (5478.4ms)
Solr query: get select {"qt"=>nil, "facet.field"=>["access_type_f", "available_f", "location_hierarchy_f", "resource_type_f", "physical_media_f", "subject_topical_f", "lcc_callnum_classification_f", "language_f", "author_facet_f", "subject_genre_f", "subject_geographic_f", "subject_chronological_f", "genre_headings_f", "subject_headings_f"], "facet.query"=>["publication_year_isort_stored_single:[2000 TO *]", "publication_year_isort_stored_single:[1900 TO 1999]", "publication_year_isort_stored_single:[1800 TO 1899]", "publication_year_isort_stored_single:[* TO 1799]", "date_cataloged_dt:[NOW-7DAY/DAY TO NOW]", "date_cataloged_dt:[NOW-1MONTH/DAY TO NOW]", "date_cataloged_dt:[NOW-3MONTH/DAY TO NOW]"], "facet.pivot"=>[], "fq"=>["institution_f:unc OR institution_f:trln"], "hl.fl"=>[], "rows"=>20, "facet"=>true, "f.available_f.facet.limit"=>11, "f.resource_type_f.facet.limit"=>11, "f.physical_media_f.facet.limit"=>11, "f.subject_topical_f.facet.limit"=>11, "f.language_f.facet.limit"=>11, "f.publication_year_isort_stored_single.facet.limit"=>11, "f.author_facet_f.facet.limit"=>11, "f.subject_genre_f.facet.limit"=>11, "f.subject_geographic_f.facet.limit"=>11, "f.subject_chronological_f.facet.limit"=>11, "f.date_cataloged_dt.facet.limit"=>11, "sort"=>"score desc, publication_year_isort_stored_single desc, title_sort_ssort_single asc", "q"=>[]}
Solr fetch (4339.7ms)
  Rendering /home/ajconsta/.gem/ruby/2.5.1/gems/blacklight-6.15.0/app/views/catalog/index.html.erb within layouts/blacklight
  Rendered /home/ajconsta/.gem/ruby/2.5.1/bundler/gems/trln_argon-7f55d54d7d4a/app/views/catalog/_local_filter.html.erb (5.0ms)
  Rendered /home/ajconsta/.gem/ruby/2.5.1/gems/blacklight-6.15.0/app/views/catalog/_facet_limit.html.erb (61.3ms)
  Rendered /home/ajconsta/.gem/ruby/2.5.1/gems/blacklight-6.15.0/app/views/catalog/_facet_limit.html.erb (2.7ms)
  Rendered /home/ajconsta/.gem/ruby/2.5.1/gems/blacklight-hierarchy-1.1.0/app/views/blacklight/hierarchy/_facet_hierarchy.html.erb (168.3ms)
  Rendered /home/ajconsta/.gem/ruby/2.5.1/gems/blacklight-6.15.0/app/views/catalog/_facet_limit.html.erb (8.9ms)
  Rendered /home/ajconsta/.gem/ruby/2.5.1/gems/blacklight-6.15.0/app/views/catalog/_facet_limit.html.erb (6.2ms)
  Rendered /home/ajconsta/.gem/ruby/2.5.1/gems/blacklight-6.15.0/app/views/catalog/_facet_limit.html.erb (6.2ms)
  Rendered /home/ajconsta/.gem/ruby/2.5.1/gems/blacklight-hierarchy-1.1.0/app/views/blacklight/hierarchy/_facet_hierarchy.html.erb (25.7ms)
  Rendered /home/ajconsta/.gem/ruby/2.5.1/gems/blacklight-6.15.0/app/views/catalog/_facet_limit.html.erb (6.4ms)
  Rendered /home/ajconsta/.gem/ruby/2.5.1/gems/blacklight-6.15.0/app/views/catalog/_facet_limit.html.erb (3.1ms)
  Rendered /home/ajconsta/.gem/ruby/2.5.1/gems/blacklight-6.15.0/app/views/catalog/_facet_limit.html.erb (6.7ms)
  Rendered /home/ajconsta/.gem/ruby/2.5.1/gems/blacklight-6.15.0/app/views/catalog/_facet_limit.html.erb (8.5ms)
  Rendered /home/ajconsta/.gem/ruby/2.5.1/gems/blacklight-6.15.0/app/views/catalog/_facet_limit.html.erb (6.6ms)
  Rendered /home/ajconsta/.gem/ruby/2.5.1/gems/blacklight-6.15.0/app/views/catalog/_facet_limit.html.erb (6.4ms)
  Rendered /home/ajconsta/.gem/ruby/2.5.1/gems/blacklight-6.15.0/app/views/catalog/_facet_limit.html.erb (2.2ms)
  Rendered /home/ajconsta/.gem/ruby/2.5.1/bundler/gems/trln_argon-7f55d54d7d4a/app/views/catalog/_facets.html.erb (521.2ms)
  Rendered /home/ajconsta/.gem/ruby/2.5.1/gems/blacklight-6.15.0/app/views/catalog/_search_sidebar.html.erb (522.5ms)
  Rendered /home/ajconsta/.gem/ruby/2.5.1/bundler/gems/trln_argon-7f55d54d7d4a/app/views/catalog/_home_text.html.erb (0.3ms)
  Rendered /home/ajconsta/.gem/ruby/2.5.1/gems/blacklight-6.15.0/app/views/catalog/_home.html.erb (1.5ms)
  Rendered /home/ajconsta/.gem/ruby/2.5.1/gems/blacklight-6.15.0/app/views/shared/_sitelinks_search_box.html.erb (0.3ms)
  Rendered /home/ajconsta/.gem/ruby/2.5.1/gems/blacklight-6.15.0/app/views/catalog/index.html.erb within layouts/blacklight (533.7ms)
DEPRECATION WARNING: Extra .css in SCSS file is unnecessary. Rename /home/ajconsta/.gem/ruby/2.5.1/gems/blacklight_advanced_search-6.3.1/app/assets/stylesheets/blacklight_advanced_search/blacklight_advanced_search_styles.css.scss to /home/ajconsta/.gem/ruby/2.5.1/gems/blacklight_advanced_search-6.3.1/app/assets/stylesheets/blacklight_advanced_search/blacklight_advanced_search_styles.scss. (called from find at /home/ajconsta/.gem/ruby/2.5.1/gems/sass-rails-5.0.7/lib/sass/rails/importer.rb:114)
DEPRECATION WARNING: Extra .css in SCSS file is unnecessary. Rename /home/ajconsta/.gem/ruby/2.5.1/gems/blacklight_advanced_search-6.3.1/app/assets/stylesheets/blacklight_advanced_search/blacklight_advanced_search_styles.css.scss to /home/ajconsta/.gem/ruby/2.5.1/gems/blacklight_advanced_search-6.3.1/app/assets/stylesheets/blacklight_advanced_search/blacklight_advanced_search_styles.scss. (called from find at /home/ajconsta/.gem/ruby/2.5.1/gems/sass-rails-5.0.7/lib/sass/rails/importer.rb:114)
  [1m[35m (0.0ms)[0m  [1m[36mbegin transaction[0m
  ↳ /home/ajconsta/.gem/ruby/2.5.1/bundler/gems/trln_argon-7f55d54d7d4a/app/views/shared/_header_navbar.html.erb:22
  [1m[36mUser Create (0.2ms)[0m  [1m[32mINSERT INTO "users" ("email", "created_at", "updated_at", "guest") VALUES (?, ?, ?, ?)[0m  [["email", "guest_gvv1x4qdBUFrJYydjy_n_1531160386_1@example.com"], ["created_at", "2018-07-09 18:19:46.479094"], ["updated_at", "2018-07-09 18:19:46.479094"], ["guest", 1]]
  ↳ /home/ajconsta/.gem/ruby/2.5.1/bundler/gems/trln_argon-7f55d54d7d4a/app/views/shared/_header_navbar.html.erb:22
  [1m[35m (23.2ms)[0m  [1m[36mcommit transaction[0m
  ↳ /home/ajconsta/.gem/ruby/2.5.1/bundler/gems/trln_argon-7f55d54d7d4a/app/views/shared/_header_navbar.html.erb:22
  [1m[35m (0.1ms)[0m  [1m[34mSELECT COUNT(*) FROM "bookmarks" WHERE "bookmarks"."user_id" = ? AND "bookmarks"."user_type" = ?[0m  [["user_id", 1], ["user_type", "User"]]
  ↳ /home/ajconsta/.gem/ruby/2.5.1/bundler/gems/trln_argon-7f55d54d7d4a/app/views/shared/_header_navbar.html.erb:22
  Rendered /home/ajconsta/.gem/ruby/2.5.1/gems/blacklight-6.15.0/app/views/blacklight/nav/_bookmark.html.erb (11.6ms)
  Rendered /home/ajconsta/.gem/ruby/2.5.1/gems/blacklight-6.15.0/app/views/blacklight/nav/_search_history.html.erb (1.1ms)
  Rendered /home/ajconsta/.gem/ruby/2.5.1/gems/blacklight-6.15.0/app/views/_user_util_links.html.erb (57.2ms)
  Rendered /home/ajconsta/.gem/ruby/2.5.1/bundler/gems/trln_argon-7f55d54d7d4a/app/views/catalog/_search_form.html.erb (6.5ms)
  Rendered /home/ajconsta/.gem/ruby/2.5.1/bundler/gems/trln_argon-7f55d54d7d4a/app/views/shared/_header_navbar.html.erb (68.4ms)
  Rendered /home/ajconsta/.gem/ruby/2.5.1/gems/blacklight-6.15.0/app/views/shared/_ajax_modal.html.erb (0.2ms)
  Rendered /home/ajconsta/.gem/ruby/2.5.1/gems/blacklight-6.15.0/app/views/_flash_msg.html.erb (2.0ms)
  Rendered /home/ajconsta/.gem/ruby/2.5.1/bundler/gems/trln_argon-7f55d54d7d4a/app/views/shared/_footer.html.erb (0.2ms)
Completed 200 OK in 14257ms (Views: 4184.0ms | ActiveRecord: 24.3ms)


